<?xml version="1.0" encoding="UTF-8"?>
<!-- Generated by org.testng.reporters.JUnitReportReporter -->
<testsuite hostname="ATMECSINDT-060" name="com.atmecs.db.pages.SimpleTest" tests="4" failures="0" timestamp="9 Jan 2015 10:49:51 GMT" time="0.000" errors="0">
  <testcase name="testMethodTwo" time="0.000" classname="com.atmecs.db.pages.SimpleTest"/>
  <testcase name="testMethodOne" time="0.000" classname="com.atmecs.db.pages.SimpleTest"/>
  <testcase name="testMethodTwo" time="0.000" classname="com.atmecs.db.pages.SimpleTest"/>
  <testcase name="testMethodOne" time="0.000" classname="com.atmecs.db.pages.SimpleTest"/>
</testsuite> <!-- com.atmecs.db.pages.SimpleTest -->
