<?xml version="1.0" encoding="UTF-8"?>
<!-- Generated by org.testng.reporters.JUnitReportReporter -->
<testsuite hostname="ATMECSINDT-060" name="com.atmecs.db.pages.WebTest" tests="1" failures="0" timestamp="9 Jan 2015 10:19:32 GMT" time="0.016" errors="0">
  <testcase name="testServer" time="0.016" classname="com.atmecs.db.pages.WebTest"/>
</testsuite> <!-- com.atmecs.db.pages.WebTest -->
