<?xml version="1.0" encoding="UTF-8"?>
<!-- Generated by org.testng.reporters.JUnitReportReporter -->
<testsuite hostname="ATMECSINDT-060" name="com.atmecs.db.pages.DataProviderTest" tests="4" failures="0" timestamp="9 Jan 2015 10:55:16 GMT" time="0.016" errors="0">
  <testcase name="testMethodOne" time="0.016" classname="com.atmecs.db.pages.DataProviderTest"/>
  <testcase name="testMethodTwo" time="0.000" classname="com.atmecs.db.pages.DataProviderTest"/>
  <testcase name="testMethodOne" time="0.000" classname="com.atmecs.db.pages.DataProviderTest"/>
  <testcase name="testMethodTwo" time="0.000" classname="com.atmecs.db.pages.DataProviderTest"/>
</testsuite> <!-- com.atmecs.db.pages.DataProviderTest -->
