<?xml version="1.0" encoding="UTF-8"?>
<!-- Generated by org.testng.reporters.JUnitReportReporter -->
<testsuite hostname="ATMECSINDT-060" name="com.atmecs.db.tests.TestDBConfig" tests="3" failures="0" timestamp="9 Jan 2015 11:07:44 GMT" time="0.015" errors="0">
  <testcase name="testDBConnection" time="0.000" classname="com.atmecs.db.tests.TestDBConfig"/>
  <testcase name="testDBConnection" time="0.000" classname="com.atmecs.db.tests.TestDBConfig"/>
  <testcase name="testDBConnection" time="0.015" classname="com.atmecs.db.tests.TestDBConfig"/>
</testsuite> <!-- com.atmecs.db.tests.TestDBConfig -->
