<?xml version="1.0" encoding="UTF-8"?>
<!-- Generated by org.testng.reporters.JUnitReportReporter -->
<testsuite hostname="ATMECSINDT-060" name="com.atmecs.db.tests.TestDBConfig" tests="1" failures="0" timestamp="9 Jan 2015 07:04:35 GMT" time="0.016" errors="0">
  <testcase name="testDBConnection" time="0.016" classname="com.atmecs.db.tests.TestDBConfig"/>
</testsuite> <!-- com.atmecs.db.tests.TestDBConfig -->
